d:\pelajaran\pemrograman game\pemrograman_game\vs\lesson06\debug\vc141.pdb
d:\pelajaran\pemrograman game\pemrograman_game\vs\lesson06\debug\vc141.idb
d:\pelajaran\pemrograman game\pemrograman_game\vs\lesson06\debug\game.obj
d:\pelajaran\pemrograman game\pemrograman_game\vs\lesson06\debug\demo.obj
d:\pelajaran\pemrograman game\pemrograman_game\vs\projekakhir\debug\vc141.pdb
d:\pelajaran\pemrograman game\pemrograman_game\vs\projekakhir\debug\vc141.idb
d:\pelajaran\pemrograman game\pemrograman_game\vs\projekakhir\debug\game.obj
d:\pelajaran\pemrograman game\pemrograman_game\vs\projekakhir\debug\demo.obj
d:\pelajaran\pemrograman game\pemrograman_game\vs\lesson06\debug\projekakhir.exe
d:\pelajaran\pemrograman game\pemrograman_game\vs\lesson06\debug\projekakhir.ilk
d:\pelajaran\pemrograman game\pemrograman_game\vs\lesson06\debug\projekakhir.pdb
d:\pelajaran\pemrograman game\pemrograman_game\vs\projekakhir\debug\projekakhir.exe
d:\pelajaran\pemrograman game\pemrograman_game\vs\projekakhir\debug\projekakhir.ilk
d:\pelajaran\pemrograman game\pemrograman_game\vs\projekakhir\debug\projekakhir.pdb
c:\users\barlian h. utomo\documents\pemrograman game\code\vs\projekakhir\debug\demo.obj
c:\users\barlian h. utomo\documents\pemrograman game\code\vs\projekakhir\debug\game.obj
c:\users\barlian h. utomo\documents\pemrograman game\code\vs\projekakhir\debug\projekakhir.ilk
c:\users\barlian h. utomo\documents\pemrograman game\code\vs\projekakhir\debug\vc141.idb
c:\users\barlian h. utomo\documents\pemrograman game\code\vs\projekakhir\debug\projekakhir.pdb
c:\users\barlian h. utomo\documents\pemrograman game\code\vs\projekakhir\debug\vc141.pdb
c:\users\barlian h. utomo\documents\pemrograman game\code\vs\projekakhir\debug\projekakhir.tlog\cl.command.1.tlog
c:\users\barlian h. utomo\documents\pemrograman game\code\vs\projekakhir\debug\projekakhir.tlog\cl.read.1.tlog
c:\users\barlian h. utomo\documents\pemrograman game\code\vs\projekakhir\debug\projekakhir.tlog\cl.write.1.tlog
c:\users\barlian h. utomo\documents\pemrograman game\code\vs\projekakhir\debug\projekakhir.tlog\link.command.1.tlog
c:\users\barlian h. utomo\documents\pemrograman game\code\vs\projekakhir\debug\projekakhir.tlog\link.read.1.tlog
c:\users\barlian h. utomo\documents\pemrograman game\code\vs\projekakhir\debug\projekakhir.tlog\link.write.1.tlog
